<?xml version="1.0" encoding="UTF-8"?>
<testsuite name="MatrixTest" tests="5" skipped="0" failures="0" errors="0" timestamp="2019-06-04T22:53:33" hostname="C02V714DHTD7" time="0.051">
  <properties/>
  <testcase name="testCanIdentifyThatEmptyMatrixHasNoSaddlePoints" classname="MatrixTest" time="0.031"/>
  <testcase name="testCanIdentifySaddlePointInBottomRightCorner" classname="MatrixTest" time="0.017"/>
  <testcase name="testCanIdentifyMultipleSaddlePoints" classname="MatrixTest" time="0.002"/>
  <testcase name="testCanIdentifyLackOfSaddlePointsWhenThereAreNone" classname="MatrixTest" time="0.0"/>
  <testcase name="testCanIdentifySingleSaddlePoint" classname="MatrixTest" time="0.0"/>
  <system-out><![CDATA[]]></system-out>
  <system-err><![CDATA[]]></system-err>
</testsuite>
